<?xml version="1.0" encoding="UTF-8"?>
<!-- Generated by org.testng.reporters.JUnitReportReporter -->
<testsuite skipped="0" hostname="Administrator" name="by.htp.selenium.mailtest.MailRuTest" tests="7" failures="0" timestamp="23 дек 2017 21:27:07 GMT" time="133.805" errors="0">
  <testcase name="invalidLogin" time="8.792" classname="by.htp.selenium.mailtest.MailRuTest"/>
  <testcase name="sendEmptyMessage" time="19.108" classname="by.htp.selenium.mailtest.MailRuTest"/>
  <testcase name="sendMessageWithoutEmail" time="15.697" classname="by.htp.selenium.mailtest.MailRuTest"/>
  <testcase name="writeCorrectMessageAmount" time="41.387" classname="by.htp.selenium.mailtest.MailRuTest"/>
  <testcase name="validLogin" time="9.560" classname="by.htp.selenium.mailtest.MailRuTest"/>
  <testcase name="sendCorrectMessage" time="20.431" classname="by.htp.selenium.mailtest.MailRuTest"/>
  <testcase name="writeMessageIncorrectEmail" time="18.830" classname="by.htp.selenium.mailtest.MailRuTest"/>
</testsuite> <!-- by.htp.selenium.mailtest.MailRuTest -->
